Compiling D:\Projects\PIC\PIC_in_C_CCS\Examples_CCS\ex_float on 24-sep.-23 at 13:49
*** Error 1 "D:\Programas\PICC\Devices\16F887.h" Line 619(1,2): Illegal C character in input file  0x80
*** Error 1 "D:\Programas\PICC\Devices\16F887.h" Line 619(1,2): Illegal C character in input file  0x00
*** Error 1 "D:\Programas\PICC\Devices\16F887.h" Line 619(1,2): Illegal C character in input file  0xA7
*** Error 1 "D:\Programas\PICC\Devices\16F887.h" Line 619(3,4): Illegal C character in input file  0x00
*** Error 1 "D:\Programas\PICC\Devices\16F887.h" Line 619(3,4): Illegal C character in input file  0x00
*** Error 1 "D:\Programas\PICC\Devices\16F887.h" Line 619(3,4): Illegal C character in input file  0xFF
*** Error 1 "D:\Programas\PICC\Devices\16F887.h" Line 619(3,4): Illegal C character in input file  0xFF
*** Error 1 "D:\Programas\PICC\Devices\16F887.h" Line 619(3,4): Illegal C character in input file  0xFF
*** Error 1 "D:\Programas\PICC\Devices\16F887.h" Line 619(3,4): Illegal C character in input file  0x00
*** Error 1 "D:\Programas\PICC\Devices\16F887.h" Line 619(3,4): Illegal C character in input file  0x07
*** Error 1 "D:\Programas\PICC\Devices\16F887.h" Line 619(3,4): Illegal C character in input file  0x00
*** Error 1 "D:\Programas\PICC\Devices\16F887.h" Line 619(3,4): Illegal C character in input file  0x00
*** Error 1 "D:\Programas\PICC\Devices\16F887.h" Line 619(3,4): Illegal C character in input file  0x00
*** Error 1 "D:\Programas\PICC\Devices\16F887.h" Line 619(3,4): Illegal C character in input file  0x00
*** Error 1 "D:\Programas\PICC\Devices\16F887.h" Line 619(3,4): Illegal C character in input file  0x00
*** Error 1 "D:\Programas\PICC\Devices\16F887.h" Line 619(3,4): Illegal C character in input file  0x00
*** Error 1 "D:\Programas\PICC\Devices\16F887.h" Line 619(3,4): Illegal C character in input file  0x00
*** Error 1 "D:\Programas\PICC\Devices\16F887.h" Line 619(3,4): Illegal C character in input file  0xC3
*** Error 1 "D:\Programas\PICC\Devices\16F887.h" Line 619(3,4): Illegal C character in input file  0xE4
*** Error 32 "D:\Programas\PICC\Devices\16F887.h" Line 619(1,2): Expecting a , or )
*** Error 1 "D:\Programas\PICC\Devices\16F887.h" Line 619(9,10): Illegal C character in input file  0x16
*** Error 1 "D:\Programas\PICC\Devices\16F887.h" Line 619(11,12): Illegal C character in input file  0x0E
*** Error 48 "D:\Programas\PICC\Devices\16F887.h" Line 619(9,10): Expecting a (
*** Error 1 "D:\Programas\PICC\Devices\16F887.h" Line 619(13,14): Illegal C character in input file  0x11
*** Error 1 "D:\Programas\PICC\Devices\16F887.h" Line 619(13,14): Illegal C character in input file  0xE6
*** Error 1 "D:\Programas\PICC\Devices\16F887.h" Line 619(13,14): Illegal C character in input file  0x40
*** Error 1 "D:\Programas\PICC\Devices\16F887.h" Line 619(13,14): Illegal C character in input file  0x00
*** Error 1 "D:\Programas\PICC\Devices\16F887.h" Line 619(13,14): Illegal C character in input file  0x00
*** Error 1 "D:\Programas\PICC\Devices\16F887.h" Line 619(13,14): Illegal C character in input file  0x00
*** Error 1 "D:\Programas\PICC\Devices\16F887.h" Line 619(13,14): Illegal C character in input file  0x00
*** Error 1 "D:\Programas\PICC\Devices\16F887.h" Line 619(13,14): Illegal C character in input file  0x00
*** Error 1 "D:\Programas\PICC\Devices\16F887.h" Line 619(13,14): Illegal C character in input file  0x00
*** Error 1 "D:\Programas\PICC\Devices\16F887.h" Line 619(13,14): Illegal C character in input file  0x00
*** Error 1 "D:\Programas\PICC\Devices\16F887.h" Line 619(13,14): Illegal C character in input file  0x00
*** Error 1 "D:\Programas\PICC\Devices\16F887.h" Line 619(13,14): Illegal C character in input file  0x00
*** Error 1 "D:\Programas\PICC\Devices\16F887.h" Line 619(13,14): Illegal C character in input file  0x00
*** Error 1 "D:\Programas\PICC\Devices\16F887.h" Line 619(13,14): Illegal C character in input file  0x00
*** Error 1 "D:\Programas\PICC\Devices\16F887.h" Line 619(13,14): Illegal C character in input file  0x00
*** Error 1 "D:\Programas\PICC\Devices\16F887.h" Line 619(13,14): Illegal C character in input file  0x00
*** Error 1 "D:\Programas\PICC\Devices\16F887.h" Line 619(13,14): Illegal C character in input file  0x00
*** Error 1 "D:\Programas\PICC\Devices\16F887.h" Line 619(13,14): Illegal C character in input file  0x00
*** Error 1 "D:\Programas\PICC\Devices\16F887.h" Line 619(13,14): Illegal C character in input file  0x00
*** Error 1 "D:\Programas\PICC\Devices\16F887.h" Line 619(13,14): Illegal C character in input file  0x00
*** Error 1 "D:\Programas\PICC\Devices\16F887.h" Line 619(13,14): Illegal C character in input file  0x00
*** Error 1 "D:\Programas\PICC\Devices\16F887.h" Line 619(13,14): Illegal C character in input file  0x00
*** Error 1 "D:\Programas\PICC\Devices\16F887.h" Line 619(13,14): Illegal C character in input file  0x00
*** Error 1 "D:\Programas\PICC\Devices\16F887.h" Line 619(13,14): Illegal C character in input file  0x00
*** Error 1 "D:\Programas\PICC\Devices\16F887.h" Line 619(13,14): Illegal C character in input file  0x00
*** Error 1 "D:\Programas\PICC\Devices\16F887.h" Line 619(13,14): Illegal C character in input file  0x00
*** Error 1 "D:\Programas\PICC\Devices\16F887.h" Line 619(13,14): Illegal C character in input file  0x00
*** Error 1 "D:\Programas\PICC\Devices\16F887.h" Line 619(13,14): Illegal C character in input file  0x00
*** Error 1 "D:\Programas\PICC\Devices\16F887.h" Line 619(13,14): Illegal C character in input file  0x00
*** Error 1 "D:\Programas\PICC\Devices\16F887.h" Line 619(13,14): Illegal C character in input file  0x00
*** Error 1 "D:\Programas\PICC\Devices\16F887.h" Line 619(13,14): Illegal C character in input file  0x00
*** Error 1 "D:\Programas\PICC\Devices\16F887.h" Line 619(13,14): Illegal C character in input file  0x00
*** Error 1 "D:\Programas\PICC\Devices\16F887.h" Line 619(13,14): Illegal C character in input file  0x00
*** Error 1 "D:\Programas\PICC\Devices\16F887.h" Line 619(13,14): Illegal C character in input file  0x00
*** Error 1 "D:\Programas\PICC\Devices\16F887.h" Line 619(13,14): Illegal C character in input file  0x00
*** Error 1 "D:\Programas\PICC\Devices\16F887.h" Line 619(13,14): Illegal C character in input file  0x00
*** Error 1 "D:\Programas\PICC\Devices\16F887.h" Line 619(13,14): Illegal C character in input file  0x00
*** Error 1 "D:\Programas\PICC\Devices\16F887.h" Line 619(13,14): Illegal C character in input file  0x00
*** Error 1 "D:\Programas\PICC\Devices\16F887.h" Line 619(13,14): Illegal C character in input file  0x00
*** Error 1 "D:\Programas\PICC\Devices\16F887.h" Line 619(13,14): Illegal C character in input file  0x00
*** Error 1 "D:\Programas\PICC\Devices\16F887.h" Line 619(13,14): Illegal C character in input file  0x00
*** Error 1 "D:\Programas\PICC\Devices\16F887.h" Line 619(13,14): Illegal C character in input file  0x00
*** Error 1 "D:\Programas\PICC\Devices\16F887.h" Line 619(13,14): Illegal C character in input file  0x00
*** Error 1 "D:\Programas\PICC\Devices\16F887.h" Line 619(13,14): Illegal C character in input file  0x00
*** Error 1 "D:\Programas\PICC\Devices\16F887.h" Line 619(13,14): Illegal C character in input file  0x00
*** Error 1 "D:\Programas\PICC\Devices\16F887.h" Line 619(13,14): Illegal C character in input file  0x00
*** Error 1 "D:\Programas\PICC\Devices\16F887.h" Line 619(13,14): Illegal C character in input file  0x00
*** Error 1 "D:\Programas\PICC\Devices\16F887.h" Line 619(13,14): Illegal C character in input file  0x00
*** Error 1 "D:\Programas\PICC\Devices\16F887.h" Line 619(13,14): Illegal C character in input file  0x00
*** Error 1 "D:\Programas\PICC\Devices\16F887.h" Line 619(13,14): Illegal C character in input file  0x00
*** Error 1 "D:\Programas\PICC\Devices\16F887.h" Line 619(13,14): Illegal C character in input file  0x00
*** Error 1 "D:\Programas\PICC\Devices\16F887.h" Line 619(13,14): Illegal C character in input file  0x00
*** Error 1 "D:\Programas\PICC\Devices\16F887.h" Line 619(13,14): Illegal C character in input file  0x00
*** Error 1 "D:\Programas\PICC\Devices\16F887.h" Line 619(13,14): Illegal C character in input file  0x00
*** Error 1 "D:\Programas\PICC\Devices\16F887.h" Line 619(13,14): Illegal C character in input file  0x00
*** Error 1 "D:\Programas\PICC\Devices\16F887.h" Line 619(13,14): Illegal C character in input file  0x00
*** Error 1 "D:\Programas\PICC\Devices\16F887.h" Line 619(13,14): Illegal C character in input file  0x00
*** Error 1 "D:\Programas\PICC\Devices\16F887.h" Line 619(13,14): Illegal C character in input file  0x00
*** Error 1 "D:\Programas\PICC\Devices\16F887.h" Line 619(13,14): Illegal C character in input file  0x00
*** Error 1 "D:\Programas\PICC\Devices\16F887.h" Line 619(13,14): Illegal C character in input file  0x00
*** Error 1 "D:\Programas\PICC\Devices\16F887.h" Line 619(13,14): Illegal C character in input file  0x00
*** Error 1 "D:\Programas\PICC\Devices\16F887.h" Line 619(13,14): Illegal C character in input file  0x00
*** Error 1 "D:\Programas\PICC\Devices\16F887.h" Line 619(13,14): Illegal C character in input file  0x00
*** Error 1 "D:\Programas\PICC\Devices\16F887.h" Line 619(13,14): Illegal C character in input file  0x00
*** Error 1 "D:\Programas\PICC\Devices\16F887.h" Line 619(13,14): Illegal C character in input file  0x00
*** Error 1 "D:\Programas\PICC\Devices\16F887.h" Line 619(13,14): Illegal C character in input file  0x00
*** Error 1 "D:\Programas\PICC\Devices\16F887.h" Line 619(13,14): Illegal C character in input file  0x00
*** Error 1 "D:\Programas\PICC\Devices\16F887.h" Line 619(13,14): Illegal C character in input file  0x00
*** Error 1 "D:\Programas\PICC\Devices\16F887.h" Line 619(13,14): Illegal C character in input file  0x00
*** Error 1 "D:\Programas\PICC\Devices\16F887.h" Line 619(13,14): Illegal C character in input file  0x00
*** Error 1 "D:\Programas\PICC\Devices\16F887.h" Line 619(13,14): Illegal C character in input file  0x00
*** Error 1 "D:\Programas\PICC\Devices\16F887.h" Line 619(13,14): Illegal C character in input file  0x00
*** Error 1 "D:\Programas\PICC\Devices\16F887.h" Line 619(13,14): Illegal C character in input file  0x00
*** Error 1 "D:\Programas\PICC\Devices\16F887.h" Line 619(13,14): Illegal C character in input file  0x00
*** Error 1 "D:\Programas\PICC\Devices\16F887.h" Line 619(13,14): Illegal C character in input file  0x00
*** Error 1 "D:\Programas\PICC\Devices\16F887.h" Line 619(13,14): Illegal C character in input file  0x00
*** Error 1 "D:\Programas\PICC\Devices\16F887.h" Line 619(13,14): Illegal C character in input file  0x00
*** Error 1 "D:\Programas\PICC\Devices\16F887.h" Line 619(13,14): Illegal C character in input file  0x00
